[2025-04-04T12:12:14.993+0000] {taskinstance.py:1956} INFO - Dependencies all met for dep_context=non-requeueable deps ti=<TaskInstance: Weather_Proj.Write_data_in_kafka scheduled__2025-04-04T11:20:00+00:00 [queued]>
[2025-04-04T12:12:15.020+0000] {taskinstance.py:1956} INFO - Dependencies all met for dep_context=requeueable deps ti=<TaskInstance: Weather_Proj.Write_data_in_kafka scheduled__2025-04-04T11:20:00+00:00 [queued]>
[2025-04-04T12:12:15.022+0000] {taskinstance.py:2170} INFO - Starting attempt 1 of 1
[2025-04-04T12:12:15.070+0000] {taskinstance.py:2191} INFO - Executing <Task(PythonOperator): Write_data_in_kafka> on 2025-04-04 11:20:00+00:00
[2025-04-04T12:12:15.106+0000] {standard_task_runner.py:60} INFO - Started process 77 to run task
[2025-04-04T12:12:15.132+0000] {standard_task_runner.py:87} INFO - Running: ['***', 'tasks', 'run', 'Weather_Proj', 'Write_data_in_kafka', 'scheduled__2025-04-04T11:20:00+00:00', '--job-id', '149', '--raw', '--subdir', 'DAGS_FOLDER/Project_tasks.py', '--cfg-path', '/tmp/tmpyg6u1a8i']
[2025-04-04T12:12:15.140+0000] {standard_task_runner.py:88} INFO - Job 149: Subtask Write_data_in_kafka
[2025-04-04T12:12:15.339+0000] {task_command.py:423} INFO - Running <TaskInstance: Weather_Proj.Write_data_in_kafka scheduled__2025-04-04T11:20:00+00:00 [running]> on host 7fc40170f80d
[2025-04-04T12:12:15.681+0000] {taskinstance.py:2480} INFO - Exporting env vars: AIRFLOW_CTX_DAG_OWNER='***' AIRFLOW_CTX_DAG_ID='Weather_Proj' AIRFLOW_CTX_TASK_ID='Write_data_in_kafka' AIRFLOW_CTX_EXECUTION_DATE='2025-04-04T11:20:00+00:00' AIRFLOW_CTX_TRY_NUMBER='1' AIRFLOW_CTX_DAG_RUN_ID='scheduled__2025-04-04T11:20:00+00:00'
[2025-04-04T12:12:17.880+0000] {python.py:201} INFO - Done. Returned value was: None
[2025-04-04T12:12:17.910+0000] {taskinstance.py:1138} INFO - Marking task as SUCCESS. dag_id=Weather_Proj, task_id=Write_data_in_kafka, execution_date=20250404T112000, start_date=20250404T121214, end_date=20250404T121217
[2025-04-04T12:12:17.999+0000] {local_task_job_runner.py:234} INFO - Task exited with return code 0
[2025-04-04T12:12:18.108+0000] {taskinstance.py:3280} INFO - 1 downstream tasks scheduled from follow-on schedule check
[2025-04-04T12:14:26.524+0000] {taskinstance.py:1956} INFO - Dependencies all met for dep_context=non-requeueable deps ti=<TaskInstance: Weather_Proj.Write_data_in_kafka scheduled__2025-04-04T11:20:00+00:00 [queued]>
[2025-04-04T12:14:26.534+0000] {taskinstance.py:1956} INFO - Dependencies all met for dep_context=requeueable deps ti=<TaskInstance: Weather_Proj.Write_data_in_kafka scheduled__2025-04-04T11:20:00+00:00 [queued]>
[2025-04-04T12:14:26.534+0000] {taskinstance.py:2170} INFO - Starting attempt 1 of 1
[2025-04-04T12:14:26.545+0000] {taskinstance.py:2191} INFO - Executing <Task(PythonOperator): Write_data_in_kafka> on 2025-04-04 11:20:00+00:00
[2025-04-04T12:14:26.551+0000] {standard_task_runner.py:60} INFO - Started process 113 to run task
[2025-04-04T12:14:26.555+0000] {standard_task_runner.py:87} INFO - Running: ['***', 'tasks', 'run', 'Weather_Proj', 'Write_data_in_kafka', 'scheduled__2025-04-04T11:20:00+00:00', '--job-id', '151', '--raw', '--subdir', 'DAGS_FOLDER/Project_tasks.py', '--cfg-path', '/tmp/tmpck8p701t']
[2025-04-04T12:14:26.556+0000] {standard_task_runner.py:88} INFO - Job 151: Subtask Write_data_in_kafka
[2025-04-04T12:14:26.599+0000] {task_command.py:423} INFO - Running <TaskInstance: Weather_Proj.Write_data_in_kafka scheduled__2025-04-04T11:20:00+00:00 [running]> on host 7fc40170f80d
[2025-04-04T12:14:26.662+0000] {taskinstance.py:2480} INFO - Exporting env vars: AIRFLOW_CTX_DAG_OWNER='***' AIRFLOW_CTX_DAG_ID='Weather_Proj' AIRFLOW_CTX_TASK_ID='Write_data_in_kafka' AIRFLOW_CTX_EXECUTION_DATE='2025-04-04T11:20:00+00:00' AIRFLOW_CTX_TRY_NUMBER='1' AIRFLOW_CTX_DAG_RUN_ID='scheduled__2025-04-04T11:20:00+00:00'
[2025-04-04T12:14:27.677+0000] {python.py:201} INFO - Done. Returned value was: None
[2025-04-04T12:14:27.690+0000] {taskinstance.py:1138} INFO - Marking task as SUCCESS. dag_id=Weather_Proj, task_id=Write_data_in_kafka, execution_date=20250404T112000, start_date=20250404T121426, end_date=20250404T121427
[2025-04-04T12:14:27.732+0000] {local_task_job_runner.py:234} INFO - Task exited with return code 0
[2025-04-04T12:14:27.762+0000] {taskinstance.py:3280} INFO - 1 downstream tasks scheduled from follow-on schedule check
