[2025-04-02T22:40:26.396+0000] {taskinstance.py:1956} INFO - Dependencies all met for dep_context=non-requeueable deps ti=<TaskInstance: Weather_Proj.Create_Cassandra_schema scheduled__2025-04-02T22:00:00+00:00 [queued]>
[2025-04-02T22:40:26.403+0000] {taskinstance.py:1956} INFO - Dependencies all met for dep_context=requeueable deps ti=<TaskInstance: Weather_Proj.Create_Cassandra_schema scheduled__2025-04-02T22:00:00+00:00 [queued]>
[2025-04-02T22:40:26.403+0000] {taskinstance.py:2170} INFO - Starting attempt 1 of 1
[2025-04-02T22:40:26.414+0000] {taskinstance.py:2191} INFO - Executing <Task(PythonOperator): Create_Cassandra_schema> on 2025-04-02 22:00:00+00:00
[2025-04-02T22:40:26.418+0000] {standard_task_runner.py:60} INFO - Started process 675 to run task
[2025-04-02T22:40:26.421+0000] {standard_task_runner.py:87} INFO - Running: ['***', 'tasks', 'run', 'Weather_Proj', 'Create_Cassandra_schema', 'scheduled__2025-04-02T22:00:00+00:00', '--job-id', '8', '--raw', '--subdir', 'DAGS_FOLDER/Project_tasks.py', '--cfg-path', '/tmp/tmptlhsr_6x']
[2025-04-02T22:40:26.423+0000] {standard_task_runner.py:88} INFO - Job 8: Subtask Create_Cassandra_schema
[2025-04-02T22:40:26.464+0000] {task_command.py:423} INFO - Running <TaskInstance: Weather_Proj.Create_Cassandra_schema scheduled__2025-04-02T22:00:00+00:00 [running]> on host 520607ad0646
[2025-04-02T22:40:26.522+0000] {taskinstance.py:2480} INFO - Exporting env vars: AIRFLOW_CTX_DAG_OWNER='***' AIRFLOW_CTX_DAG_ID='Weather_Proj' AIRFLOW_CTX_TASK_ID='Create_Cassandra_schema' AIRFLOW_CTX_EXECUTION_DATE='2025-04-02T22:00:00+00:00' AIRFLOW_CTX_TRY_NUMBER='1' AIRFLOW_CTX_DAG_RUN_ID='scheduled__2025-04-02T22:00:00+00:00'
[2025-04-02T22:40:26.525+0000] {cassandra_creator.py:4} WARNING - Cluster.__init__ called with contact_points specified, but no load_balancing_policy. In the next major version, this will raise an error; please specify a load-balancing policy. (contact_points = ['cassandra'], lbp = None)
[2025-04-02T22:40:26.532+0000] {cassandra_creator.py:5} WARNING - Downgrading core protocol version from 66 to 65 for 172.18.0.4:9042. To avoid this, it is best practice to explicitly set Cluster(protocol_version) to the version supported by your cluster. http://datastax.github.io/python-driver/api/cassandra/cluster.html#cassandra.cluster.Cluster.protocol_version
[2025-04-02T22:40:26.535+0000] {cassandra_creator.py:5} WARNING - Downgrading core protocol version from 65 to 5 for 172.18.0.4:9042. To avoid this, it is best practice to explicitly set Cluster(protocol_version) to the version supported by your cluster. http://datastax.github.io/python-driver/api/cassandra/cluster.html#cassandra.cluster.Cluster.protocol_version
[2025-04-02T22:40:26.546+0000] {policies.py:289} INFO - Using datacenter 'datacenter1' for DCAwareRoundRobinPolicy (via host '172.18.0.4:9042'); if incorrect, please specify a local_dc to the constructor, or limit contact points to local cluster nodes
[2025-04-02T22:40:26.595+0000] {python.py:201} INFO - Done. Returned value was: None
[2025-04-02T22:40:26.604+0000] {taskinstance.py:1138} INFO - Marking task as SUCCESS. dag_id=Weather_Proj, task_id=Create_Cassandra_schema, execution_date=20250402T220000, start_date=20250402T224026, end_date=20250402T224026
[2025-04-02T22:40:26.633+0000] {local_task_job_runner.py:234} INFO - Task exited with return code 0
[2025-04-02T22:40:26.655+0000] {taskinstance.py:3280} INFO - 1 downstream tasks scheduled from follow-on schedule check
[2025-04-02T23:15:35.442+0000] {taskinstance.py:1956} INFO - Dependencies all met for dep_context=non-requeueable deps ti=<TaskInstance: Weather_Proj.Create_Cassandra_schema scheduled__2025-04-02T22:00:00+00:00 [queued]>
[2025-04-02T23:15:35.450+0000] {taskinstance.py:1956} INFO - Dependencies all met for dep_context=requeueable deps ti=<TaskInstance: Weather_Proj.Create_Cassandra_schema scheduled__2025-04-02T22:00:00+00:00 [queued]>
[2025-04-02T23:15:35.450+0000] {taskinstance.py:2170} INFO - Starting attempt 1 of 1
[2025-04-02T23:15:35.464+0000] {taskinstance.py:2191} INFO - Executing <Task(PythonOperator): Create_Cassandra_schema> on 2025-04-02 22:00:00+00:00
[2025-04-02T23:15:35.468+0000] {standard_task_runner.py:60} INFO - Started process 3434 to run task
[2025-04-02T23:15:35.472+0000] {standard_task_runner.py:87} INFO - Running: ['***', 'tasks', 'run', 'Weather_Proj', 'Create_Cassandra_schema', 'scheduled__2025-04-02T22:00:00+00:00', '--job-id', '36', '--raw', '--subdir', 'DAGS_FOLDER/Project_tasks.py', '--cfg-path', '/tmp/tmpbnp0fgtv']
[2025-04-02T23:15:35.474+0000] {standard_task_runner.py:88} INFO - Job 36: Subtask Create_Cassandra_schema
[2025-04-02T23:15:35.517+0000] {task_command.py:423} INFO - Running <TaskInstance: Weather_Proj.Create_Cassandra_schema scheduled__2025-04-02T22:00:00+00:00 [running]> on host 520607ad0646
[2025-04-02T23:15:35.581+0000] {taskinstance.py:2480} INFO - Exporting env vars: AIRFLOW_CTX_DAG_OWNER='***' AIRFLOW_CTX_DAG_ID='Weather_Proj' AIRFLOW_CTX_TASK_ID='Create_Cassandra_schema' AIRFLOW_CTX_EXECUTION_DATE='2025-04-02T22:00:00+00:00' AIRFLOW_CTX_TRY_NUMBER='1' AIRFLOW_CTX_DAG_RUN_ID='scheduled__2025-04-02T22:00:00+00:00'
[2025-04-02T23:15:35.583+0000] {cassandra_creator.py:4} WARNING - Cluster.__init__ called with contact_points specified, but no load_balancing_policy. In the next major version, this will raise an error; please specify a load-balancing policy. (contact_points = ['cassandra'], lbp = None)
[2025-04-02T23:15:35.587+0000] {cassandra_creator.py:5} WARNING - Downgrading core protocol version from 66 to 65 for 172.18.0.4:9042. To avoid this, it is best practice to explicitly set Cluster(protocol_version) to the version supported by your cluster. http://datastax.github.io/python-driver/api/cassandra/cluster.html#cassandra.cluster.Cluster.protocol_version
[2025-04-02T23:15:35.589+0000] {cassandra_creator.py:5} WARNING - Downgrading core protocol version from 65 to 5 for 172.18.0.4:9042. To avoid this, it is best practice to explicitly set Cluster(protocol_version) to the version supported by your cluster. http://datastax.github.io/python-driver/api/cassandra/cluster.html#cassandra.cluster.Cluster.protocol_version
[2025-04-02T23:15:35.598+0000] {policies.py:289} INFO - Using datacenter 'datacenter1' for DCAwareRoundRobinPolicy (via host '172.18.0.4:9042'); if incorrect, please specify a local_dc to the constructor, or limit contact points to local cluster nodes
[2025-04-02T23:15:35.634+0000] {python.py:201} INFO - Done. Returned value was: None
[2025-04-02T23:15:35.645+0000] {taskinstance.py:1138} INFO - Marking task as SUCCESS. dag_id=Weather_Proj, task_id=Create_Cassandra_schema, execution_date=20250402T220000, start_date=20250402T231535, end_date=20250402T231535
[2025-04-02T23:15:35.683+0000] {local_task_job_runner.py:234} INFO - Task exited with return code 0
[2025-04-02T23:15:35.706+0000] {taskinstance.py:3280} INFO - 1 downstream tasks scheduled from follow-on schedule check
