[2025-04-03T00:16:57.000+0000] {taskinstance.py:1956} INFO - Dependencies all met for dep_context=non-requeueable deps ti=<TaskInstance: Weather_Proj.Spark_Processing manual__2025-04-03T00:16:11.572911+00:00 [queued]>
[2025-04-03T00:16:57.007+0000] {taskinstance.py:1956} INFO - Dependencies all met for dep_context=requeueable deps ti=<TaskInstance: Weather_Proj.Spark_Processing manual__2025-04-03T00:16:11.572911+00:00 [queued]>
[2025-04-03T00:16:57.007+0000] {taskinstance.py:2170} INFO - Starting attempt 1 of 1
[2025-04-03T00:16:57.019+0000] {taskinstance.py:2191} INFO - Executing <Task(PythonOperator): Spark_Processing> on 2025-04-03 00:16:11.572911+00:00
[2025-04-03T00:16:57.023+0000] {standard_task_runner.py:60} INFO - Started process 9969 to run task
[2025-04-03T00:16:57.026+0000] {standard_task_runner.py:87} INFO - Running: ['***', 'tasks', 'run', 'Weather_Proj', 'Spark_Processing', 'manual__2025-04-03T00:16:11.572911+00:00', '--job-id', '96', '--raw', '--subdir', 'DAGS_FOLDER/Project_tasks.py', '--cfg-path', '/tmp/tmp8gxnabie']
[2025-04-03T00:16:57.028+0000] {standard_task_runner.py:88} INFO - Job 96: Subtask Spark_Processing
[2025-04-03T00:16:57.068+0000] {task_command.py:423} INFO - Running <TaskInstance: Weather_Proj.Spark_Processing manual__2025-04-03T00:16:11.572911+00:00 [running]> on host 520607ad0646
[2025-04-03T00:16:57.137+0000] {taskinstance.py:2480} INFO - Exporting env vars: AIRFLOW_CTX_DAG_OWNER='***' AIRFLOW_CTX_DAG_ID='Weather_Proj' AIRFLOW_CTX_TASK_ID='Spark_Processing' AIRFLOW_CTX_EXECUTION_DATE='2025-04-03T00:16:11.572911+00:00' AIRFLOW_CTX_TRY_NUMBER='1' AIRFLOW_CTX_DAG_RUN_ID='manual__2025-04-03T00:16:11.572911+00:00'
[2025-04-03T00:17:03.306+0000] {logging_mixin.py:188} INFO - root
 |-- data: struct (nullable = true)
 |    |-- base: string (nullable = true)
 |    |-- clouds: struct (nullable = true)
 |    |    |-- all: long (nullable = true)
 |    |-- cod: long (nullable = true)
 |    |-- coord: struct (nullable = true)
 |    |    |-- lat: double (nullable = true)
 |    |    |-- lon: double (nullable = true)
 |    |-- dt: long (nullable = true)
 |    |-- id: long (nullable = true)
 |    |-- main: struct (nullable = true)
 |    |    |-- feels_like: double (nullable = true)
 |    |    |-- grnd_level: long (nullable = true)
 |    |    |-- humidity: long (nullable = true)
 |    |    |-- pressure: long (nullable = true)
 |    |    |-- sea_level: long (nullable = true)
 |    |    |-- temp: double (nullable = true)
 |    |    |-- temp_max: double (nullable = true)
 |    |    |-- temp_min: double (nullable = true)
 |    |-- name: string (nullable = true)
 |    |-- sys: struct (nullable = true)
 |    |    |-- country: string (nullable = true)
 |    |    |-- id: long (nullable = true)
 |    |    |-- sunrise: long (nullable = true)
 |    |    |-- sunset: long (nullable = true)
 |    |    |-- type: long (nullable = true)
 |    |-- timezone: long (nullable = true)
 |    |-- visibility: long (nullable = true)
 |    |-- weather: array (nullable = true)
 |    |    |-- element: struct (containsNull = true)
 |    |    |    |-- description: string (nullable = true)
 |    |    |    |-- icon: string (nullable = true)
 |    |    |    |-- id: long (nullable = true)
 |    |    |    |-- main: string (nullable = true)
 |    |-- wind: struct (nullable = true)
 |    |    |-- deg: long (nullable = true)
 |    |    |-- gust: double (nullable = true)
 |    |    |-- speed: double (nullable = true)
[2025-04-03T00:17:03.394+0000] {logging_mixin.py:188} INFO - root
 |-- city_name: string (nullable = true)
 |-- city_timezone: long (nullable = true)
 |-- time_utc: long (nullable = true)
 |-- city_country: string (nullable = true)
 |-- sunrise_time_utc: long (nullable = true)
 |-- sunset_time_utc: long (nullable = true)
 |-- weather_description: string (nullable = true)
 |-- sea_level_meter: long (nullable = true)
 |-- temp_celisus: double (nullable = true)
 |-- temp_min_celisus: double (nullable = true)
 |-- temp_max_celisus: double (nullable = true)
 |-- humidity_gram_m3: long (nullable = true)
 |-- pressure_pascal: long (nullable = true)
 |-- latitude: double (nullable = true)
 |-- longtiude: double (nullable = true)
[2025-04-03T00:17:03.411+0000] {java_gateway.py:2273} INFO - Callback Server Starting
[2025-04-03T00:17:03.412+0000] {java_gateway.py:2275} INFO - Socket listening on ('127.0.0.1', 40757)
[2025-04-03T00:17:05.869+0000] {clientserver.py:561} INFO - Python Server ready to receive messages
[2025-04-03T00:17:05.869+0000] {clientserver.py:575} INFO - Received command c on object id p0
[2025-04-03T00:17:05.873+0000] {logging_mixin.py:188} INFO - Stuck here2 with batch id0
[2025-04-03T00:17:05.906+0000] {logging_mixin.py:188} INFO - ⚠️ No data in batch 2025-04-03 00:17:05.906876
[2025-04-03T00:18:03.845+0000] {python.py:201} INFO - Done. Returned value was: None
[2025-04-03T00:18:03.856+0000] {taskinstance.py:1138} INFO - Marking task as SUCCESS. dag_id=Weather_Proj, task_id=Spark_Processing, execution_date=20250403T001611, start_date=20250403T001657, end_date=20250403T001803
[2025-04-03T00:18:03.888+0000] {local_task_job_runner.py:234} INFO - Task exited with return code 0
[2025-04-03T00:18:03.903+0000] {taskinstance.py:3280} INFO - 0 downstream tasks scheduled from follow-on schedule check
