[2025-04-02T22:00:06.051+0000] {taskinstance.py:1956} INFO - Dependencies all met for dep_context=non-requeueable deps ti=<TaskInstance: Weather_Proj.Produce_data scheduled__2025-04-02T21:20:00+00:00 [queued]>
[2025-04-02T22:00:06.059+0000] {taskinstance.py:1956} INFO - Dependencies all met for dep_context=requeueable deps ti=<TaskInstance: Weather_Proj.Produce_data scheduled__2025-04-02T21:20:00+00:00 [queued]>
[2025-04-02T22:00:06.059+0000] {taskinstance.py:2170} INFO - Starting attempt 1 of 1
[2025-04-02T22:00:06.070+0000] {taskinstance.py:2191} INFO - Executing <Task(PythonOperator): Produce_data> on 2025-04-02 21:20:00+00:00
[2025-04-02T22:00:06.075+0000] {clientserver.py:543} INFO - Closing down clientserver connection
[2025-04-02T22:00:06.075+0000] {standard_task_runner.py:60} INFO - Started process 5878 to run task
[2025-04-02T22:00:06.080+0000] {standard_task_runner.py:87} INFO - Running: ['***', 'tasks', 'run', 'Weather_Proj', 'Produce_data', 'scheduled__2025-04-02T21:20:00+00:00', '--job-id', '21', '--raw', '--subdir', 'DAGS_FOLDER/Project_tasks.py', '--cfg-path', '/tmp/tmpghofi0p9']
[2025-04-02T22:00:06.081+0000] {standard_task_runner.py:88} INFO - Job 21: Subtask Produce_data
[2025-04-02T22:00:06.128+0000] {task_command.py:423} INFO - Running <TaskInstance: Weather_Proj.Produce_data scheduled__2025-04-02T21:20:00+00:00 [running]> on host f47524c1cda8
[2025-04-02T22:00:06.195+0000] {taskinstance.py:2480} INFO - Exporting env vars: AIRFLOW_CTX_DAG_OWNER='***' AIRFLOW_CTX_DAG_ID='Weather_Proj' AIRFLOW_CTX_TASK_ID='Produce_data' AIRFLOW_CTX_EXECUTION_DATE='2025-04-02T21:20:00+00:00' AIRFLOW_CTX_TRY_NUMBER='1' AIRFLOW_CTX_DAG_RUN_ID='scheduled__2025-04-02T21:20:00+00:00'
[2025-04-02T22:00:40.192+0000] {logging_mixin.py:188} INFO - Data successfully written to 'data.json'.
[2025-04-02T22:00:40.194+0000] {python.py:201} INFO - Done. Returned value was: None
[2025-04-02T22:00:40.203+0000] {taskinstance.py:1138} INFO - Marking task as SUCCESS. dag_id=Weather_Proj, task_id=Produce_data, execution_date=20250402T212000, start_date=20250402T220006, end_date=20250402T220040
[2025-04-02T22:00:40.257+0000] {local_task_job_runner.py:234} INFO - Task exited with return code 0
[2025-04-02T22:00:40.278+0000] {taskinstance.py:3280} INFO - 1 downstream tasks scheduled from follow-on schedule check
[2025-04-02T22:12:33.771+0000] {taskinstance.py:1956} INFO - Dependencies all met for dep_context=non-requeueable deps ti=<TaskInstance: Weather_Proj.Produce_data scheduled__2025-04-02T21:20:00+00:00 [queued]>
[2025-04-02T22:12:33.779+0000] {taskinstance.py:1956} INFO - Dependencies all met for dep_context=requeueable deps ti=<TaskInstance: Weather_Proj.Produce_data scheduled__2025-04-02T21:20:00+00:00 [queued]>
[2025-04-02T22:12:33.780+0000] {taskinstance.py:2170} INFO - Starting attempt 1 of 1
[2025-04-02T22:12:33.791+0000] {taskinstance.py:2191} INFO - Executing <Task(PythonOperator): Produce_data> on 2025-04-02 21:20:00+00:00
[2025-04-02T22:12:33.796+0000] {standard_task_runner.py:60} INFO - Started process 7539 to run task
[2025-04-02T22:12:33.799+0000] {standard_task_runner.py:87} INFO - Running: ['***', 'tasks', 'run', 'Weather_Proj', 'Produce_data', 'scheduled__2025-04-02T21:20:00+00:00', '--job-id', '34', '--raw', '--subdir', 'DAGS_FOLDER/Project_tasks.py', '--cfg-path', '/tmp/tmpe6i6po3w']
[2025-04-02T22:12:33.800+0000] {standard_task_runner.py:88} INFO - Job 34: Subtask Produce_data
[2025-04-02T22:12:33.853+0000] {task_command.py:423} INFO - Running <TaskInstance: Weather_Proj.Produce_data scheduled__2025-04-02T21:20:00+00:00 [running]> on host f47524c1cda8
[2025-04-02T22:12:33.913+0000] {taskinstance.py:2480} INFO - Exporting env vars: AIRFLOW_CTX_DAG_OWNER='***' AIRFLOW_CTX_DAG_ID='Weather_Proj' AIRFLOW_CTX_TASK_ID='Produce_data' AIRFLOW_CTX_EXECUTION_DATE='2025-04-02T21:20:00+00:00' AIRFLOW_CTX_TRY_NUMBER='1' AIRFLOW_CTX_DAG_RUN_ID='scheduled__2025-04-02T21:20:00+00:00'
[2025-04-02T22:13:22.705+0000] {logging_mixin.py:188} INFO - Data successfully written to 'data.json'.
[2025-04-02T22:13:22.707+0000] {python.py:201} INFO - Done. Returned value was: None
[2025-04-02T22:13:22.717+0000] {taskinstance.py:1138} INFO - Marking task as SUCCESS. dag_id=Weather_Proj, task_id=Produce_data, execution_date=20250402T212000, start_date=20250402T221233, end_date=20250402T221322
[2025-04-02T22:13:22.772+0000] {local_task_job_runner.py:234} INFO - Task exited with return code 0
[2025-04-02T22:13:22.803+0000] {taskinstance.py:3280} INFO - 1 downstream tasks scheduled from follow-on schedule check
[2025-04-02T22:36:00.224+0000] {taskinstance.py:1956} INFO - Dependencies all met for dep_context=non-requeueable deps ti=<TaskInstance: Weather_Proj.Produce_data scheduled__2025-04-02T21:20:00+00:00 [queued]>
[2025-04-02T22:36:00.234+0000] {taskinstance.py:1956} INFO - Dependencies all met for dep_context=requeueable deps ti=<TaskInstance: Weather_Proj.Produce_data scheduled__2025-04-02T21:20:00+00:00 [queued]>
[2025-04-02T22:36:00.235+0000] {taskinstance.py:2170} INFO - Starting attempt 1 of 1
[2025-04-02T22:36:00.247+0000] {taskinstance.py:2191} INFO - Executing <Task(PythonOperator): Produce_data> on 2025-04-02 21:20:00+00:00
[2025-04-02T22:36:00.252+0000] {standard_task_runner.py:60} INFO - Started process 297 to run task
[2025-04-02T22:36:00.255+0000] {standard_task_runner.py:87} INFO - Running: ['***', 'tasks', 'run', 'Weather_Proj', 'Produce_data', 'scheduled__2025-04-02T21:20:00+00:00', '--job-id', '2', '--raw', '--subdir', 'DAGS_FOLDER/Project_tasks.py', '--cfg-path', '/tmp/tmpo96jcia_']
[2025-04-02T22:36:00.256+0000] {standard_task_runner.py:88} INFO - Job 2: Subtask Produce_data
[2025-04-02T22:36:00.301+0000] {task_command.py:423} INFO - Running <TaskInstance: Weather_Proj.Produce_data scheduled__2025-04-02T21:20:00+00:00 [running]> on host 520607ad0646
[2025-04-02T22:36:00.365+0000] {taskinstance.py:2480} INFO - Exporting env vars: AIRFLOW_CTX_DAG_OWNER='***' AIRFLOW_CTX_DAG_ID='Weather_Proj' AIRFLOW_CTX_TASK_ID='Produce_data' AIRFLOW_CTX_EXECUTION_DATE='2025-04-02T21:20:00+00:00' AIRFLOW_CTX_TRY_NUMBER='1' AIRFLOW_CTX_DAG_RUN_ID='scheduled__2025-04-02T21:20:00+00:00'
[2025-04-02T22:36:17.268+0000] {logging_mixin.py:188} INFO - Data successfully written to 'data.json'.
[2025-04-02T22:36:17.269+0000] {python.py:201} INFO - Done. Returned value was: None
[2025-04-02T22:36:17.279+0000] {taskinstance.py:1138} INFO - Marking task as SUCCESS. dag_id=Weather_Proj, task_id=Produce_data, execution_date=20250402T212000, start_date=20250402T223600, end_date=20250402T223617
[2025-04-02T22:36:17.318+0000] {local_task_job_runner.py:234} INFO - Task exited with return code 0
[2025-04-02T22:36:17.364+0000] {taskinstance.py:3280} INFO - 1 downstream tasks scheduled from follow-on schedule check
