[2025-04-02T22:40:28.234+0000] {taskinstance.py:1956} INFO - Dependencies all met for dep_context=non-requeueable deps ti=<TaskInstance: Weather_Proj.Spark_Processing scheduled__2025-04-02T22:00:00+00:00 [queued]>
[2025-04-02T22:40:28.242+0000] {taskinstance.py:1956} INFO - Dependencies all met for dep_context=requeueable deps ti=<TaskInstance: Weather_Proj.Spark_Processing scheduled__2025-04-02T22:00:00+00:00 [queued]>
[2025-04-02T22:40:28.242+0000] {taskinstance.py:2170} INFO - Starting attempt 1 of 1
[2025-04-02T22:40:28.254+0000] {taskinstance.py:2191} INFO - Executing <Task(PythonOperator): Spark_Processing> on 2025-04-02 22:00:00+00:00
[2025-04-02T22:40:28.258+0000] {standard_task_runner.py:60} INFO - Started process 683 to run task
[2025-04-02T22:40:28.262+0000] {standard_task_runner.py:87} INFO - Running: ['***', 'tasks', 'run', 'Weather_Proj', 'Spark_Processing', 'scheduled__2025-04-02T22:00:00+00:00', '--job-id', '9', '--raw', '--subdir', 'DAGS_FOLDER/Project_tasks.py', '--cfg-path', '/tmp/tmpw9_xp7pi']
[2025-04-02T22:40:28.263+0000] {standard_task_runner.py:88} INFO - Job 9: Subtask Spark_Processing
[2025-04-02T22:40:28.305+0000] {task_command.py:423} INFO - Running <TaskInstance: Weather_Proj.Spark_Processing scheduled__2025-04-02T22:00:00+00:00 [running]> on host 520607ad0646
[2025-04-02T22:40:28.365+0000] {taskinstance.py:2480} INFO - Exporting env vars: AIRFLOW_CTX_DAG_OWNER='***' AIRFLOW_CTX_DAG_ID='Weather_Proj' AIRFLOW_CTX_TASK_ID='Spark_Processing' AIRFLOW_CTX_EXECUTION_DATE='2025-04-02T22:00:00+00:00' AIRFLOW_CTX_TRY_NUMBER='1' AIRFLOW_CTX_DAG_RUN_ID='scheduled__2025-04-02T22:00:00+00:00'
[2025-04-02T22:40:33.041+0000] {taskinstance.py:2698} ERROR - Task failed with exception
Traceback (most recent call last):
  File "/home/airflow/.local/lib/python3.10/site-packages/airflow/models/taskinstance.py", line 433, in _execute_task
    result = execute_callable(context=context, **execute_callable_kwargs)
  File "/home/airflow/.local/lib/python3.10/site-packages/airflow/operators/python.py", line 199, in execute
    return_value = self.execute_callable()
  File "/home/airflow/.local/lib/python3.10/site-packages/airflow/operators/python.py", line 216, in execute_callable
    return self.python_callable(*self.op_args, **self.op_kwargs)
  File "/opt/airflow/dags/WeatherScripts/spark_Weather.py", line 75, in processData
    .load()
  File "/home/airflow/.local/lib/python3.10/site-packages/pyspark/sql/streaming/readwriter.py", line 304, in load
    return self._df(self._jreader.load())
  File "/home/airflow/.local/lib/python3.10/site-packages/py4j/java_gateway.py", line 1322, in __call__
    return_value = get_return_value(
  File "/home/airflow/.local/lib/python3.10/site-packages/pyspark/errors/exceptions/captured.py", line 185, in deco
    raise converted from None
pyspark.errors.exceptions.captured.AnalysisException: Failed to find data source: kafka. Please deploy the application as per the deployment section of Structured Streaming + Kafka Integration Guide.
[2025-04-02T22:40:33.057+0000] {taskinstance.py:1138} INFO - Marking task as FAILED. dag_id=Weather_Proj, task_id=Spark_Processing, execution_date=20250402T220000, start_date=20250402T224028, end_date=20250402T224033
[2025-04-02T22:40:33.069+0000] {standard_task_runner.py:107} ERROR - Failed to execute job 9 for task Spark_Processing (Failed to find data source: kafka. Please deploy the application as per the deployment section of Structured Streaming + Kafka Integration Guide.; 683)
[2025-04-02T22:40:33.088+0000] {local_task_job_runner.py:234} INFO - Task exited with return code 1
[2025-04-02T22:40:33.104+0000] {taskinstance.py:3280} INFO - 0 downstream tasks scheduled from follow-on schedule check
[2025-04-02T23:15:36.577+0000] {taskinstance.py:1956} INFO - Dependencies all met for dep_context=non-requeueable deps ti=<TaskInstance: Weather_Proj.Spark_Processing scheduled__2025-04-02T22:00:00+00:00 [queued]>
[2025-04-02T23:15:36.585+0000] {taskinstance.py:1956} INFO - Dependencies all met for dep_context=requeueable deps ti=<TaskInstance: Weather_Proj.Spark_Processing scheduled__2025-04-02T22:00:00+00:00 [queued]>
[2025-04-02T23:15:36.585+0000] {taskinstance.py:2170} INFO - Starting attempt 1 of 1
[2025-04-02T23:15:36.599+0000] {taskinstance.py:2191} INFO - Executing <Task(PythonOperator): Spark_Processing> on 2025-04-02 22:00:00+00:00
[2025-04-02T23:15:36.604+0000] {standard_task_runner.py:60} INFO - Started process 3442 to run task
[2025-04-02T23:15:36.608+0000] {standard_task_runner.py:87} INFO - Running: ['***', 'tasks', 'run', 'Weather_Proj', 'Spark_Processing', 'scheduled__2025-04-02T22:00:00+00:00', '--job-id', '37', '--raw', '--subdir', 'DAGS_FOLDER/Project_tasks.py', '--cfg-path', '/tmp/tmpjkfbwp75']
[2025-04-02T23:15:36.610+0000] {standard_task_runner.py:88} INFO - Job 37: Subtask Spark_Processing
[2025-04-02T23:15:36.652+0000] {task_command.py:423} INFO - Running <TaskInstance: Weather_Proj.Spark_Processing scheduled__2025-04-02T22:00:00+00:00 [running]> on host 520607ad0646
[2025-04-02T23:15:36.716+0000] {taskinstance.py:2480} INFO - Exporting env vars: AIRFLOW_CTX_DAG_OWNER='***' AIRFLOW_CTX_DAG_ID='Weather_Proj' AIRFLOW_CTX_TASK_ID='Spark_Processing' AIRFLOW_CTX_EXECUTION_DATE='2025-04-02T22:00:00+00:00' AIRFLOW_CTX_TRY_NUMBER='1' AIRFLOW_CTX_DAG_RUN_ID='scheduled__2025-04-02T22:00:00+00:00'
[2025-04-02T23:15:42.457+0000] {logging_mixin.py:188} INFO - root
 |-- data: struct (nullable = true)
 |    |-- base: string (nullable = true)
 |    |-- clouds: struct (nullable = true)
 |    |    |-- all: long (nullable = true)
 |    |-- cod: long (nullable = true)
 |    |-- coord: struct (nullable = true)
 |    |    |-- lat: double (nullable = true)
 |    |    |-- lon: double (nullable = true)
 |    |-- dt: long (nullable = true)
 |    |-- id: long (nullable = true)
 |    |-- main: struct (nullable = true)
 |    |    |-- feels_like: double (nullable = true)
 |    |    |-- grnd_level: long (nullable = true)
 |    |    |-- humidity: long (nullable = true)
 |    |    |-- pressure: long (nullable = true)
 |    |    |-- sea_level: long (nullable = true)
 |    |    |-- temp: double (nullable = true)
 |    |    |-- temp_max: double (nullable = true)
 |    |    |-- temp_min: double (nullable = true)
 |    |-- name: string (nullable = true)
 |    |-- sys: struct (nullable = true)
 |    |    |-- country: string (nullable = true)
 |    |    |-- id: long (nullable = true)
 |    |    |-- sunrise: long (nullable = true)
 |    |    |-- sunset: long (nullable = true)
 |    |    |-- type: long (nullable = true)
 |    |-- timezone: long (nullable = true)
 |    |-- visibility: long (nullable = true)
 |    |-- weather: array (nullable = true)
 |    |    |-- element: struct (containsNull = true)
 |    |    |    |-- description: string (nullable = true)
 |    |    |    |-- icon: string (nullable = true)
 |    |    |    |-- id: long (nullable = true)
 |    |    |    |-- main: string (nullable = true)
 |    |-- wind: struct (nullable = true)
 |    |    |-- deg: long (nullable = true)
 |    |    |-- gust: double (nullable = true)
 |    |    |-- speed: double (nullable = true)
[2025-04-02T23:15:42.518+0000] {logging_mixin.py:188} INFO - root
 |-- city_name: string (nullable = true)
 |-- city_timezone: long (nullable = true)
 |-- time_UTC: long (nullable = true)
 |-- city_country: string (nullable = true)
 |-- sunrise_time_UTC: long (nullable = true)
 |-- sunset_time_UTC: long (nullable = true)
 |-- weather_description: string (nullable = true)
 |-- sea_level_Meter: long (nullable = true)
 |-- temp_celisus: double (nullable = true)
 |-- temp_min_celisus: double (nullable = true)
 |-- temp_max_celisus: double (nullable = true)
 |-- humidity_gram/m3: long (nullable = true)
 |-- pressure_Pascal: long (nullable = true)
 |-- latitude: double (nullable = true)
 |-- longtiude: double (nullable = true)
[2025-04-02T23:15:42.533+0000] {java_gateway.py:2273} INFO - Callback Server Starting
[2025-04-02T23:15:42.534+0000] {java_gateway.py:2275} INFO - Socket listening on ('127.0.0.1', 44801)
[2025-04-02T23:16:42.755+0000] {python.py:201} INFO - Done. Returned value was: None
[2025-04-02T23:16:42.766+0000] {taskinstance.py:1138} INFO - Marking task as SUCCESS. dag_id=Weather_Proj, task_id=Spark_Processing, execution_date=20250402T220000, start_date=20250402T231536, end_date=20250402T231642
[2025-04-02T23:16:42.800+0000] {local_task_job_runner.py:234} INFO - Task exited with return code 0
[2025-04-02T23:16:42.815+0000] {taskinstance.py:3280} INFO - 0 downstream tasks scheduled from follow-on schedule check
