[2025-04-02T21:47:09.910+0000] {taskinstance.py:1956} INFO - Dependencies all met for dep_context=non-requeueable deps ti=<TaskInstance: Weather_Proj.Write_data_in_kafka scheduled__2025-04-02T20:40:00+00:00 [queued]>
[2025-04-02T21:47:09.918+0000] {taskinstance.py:1956} INFO - Dependencies all met for dep_context=requeueable deps ti=<TaskInstance: Weather_Proj.Write_data_in_kafka scheduled__2025-04-02T20:40:00+00:00 [queued]>
[2025-04-02T21:47:09.918+0000] {taskinstance.py:2170} INFO - Starting attempt 1 of 1
[2025-04-02T21:47:09.930+0000] {taskinstance.py:2191} INFO - Executing <Task(PythonOperator): Write_data_in_kafka> on 2025-04-02 20:40:00+00:00
[2025-04-02T21:47:09.936+0000] {standard_task_runner.py:60} INFO - Started process 769 to run task
[2025-04-02T21:47:09.936+0000] {clientserver.py:543} INFO - Closing down clientserver connection
[2025-04-02T21:47:09.946+0000] {standard_task_runner.py:87} INFO - Running: ['***', 'tasks', 'run', 'Weather_Proj', 'Write_data_in_kafka', 'scheduled__2025-04-02T20:40:00+00:00', '--job-id', '3', '--raw', '--subdir', 'DAGS_FOLDER/Project_tasks.py', '--cfg-path', '/tmp/tmphj0wxavr']
[2025-04-02T21:47:09.947+0000] {standard_task_runner.py:88} INFO - Job 3: Subtask Write_data_in_kafka
[2025-04-02T21:47:10.000+0000] {task_command.py:423} INFO - Running <TaskInstance: Weather_Proj.Write_data_in_kafka scheduled__2025-04-02T20:40:00+00:00 [running]> on host f47524c1cda8
[2025-04-02T21:47:10.067+0000] {taskinstance.py:2480} INFO - Exporting env vars: AIRFLOW_CTX_DAG_OWNER='***' AIRFLOW_CTX_DAG_ID='Weather_Proj' AIRFLOW_CTX_TASK_ID='Write_data_in_kafka' AIRFLOW_CTX_EXECUTION_DATE='2025-04-02T20:40:00+00:00' AIRFLOW_CTX_TRY_NUMBER='1' AIRFLOW_CTX_DAG_RUN_ID='scheduled__2025-04-02T20:40:00+00:00'
[2025-04-02T21:47:11.137+0000] {python.py:201} INFO - Done. Returned value was: None
[2025-04-02T21:47:11.148+0000] {taskinstance.py:1138} INFO - Marking task as SUCCESS. dag_id=Weather_Proj, task_id=Write_data_in_kafka, execution_date=20250402T204000, start_date=20250402T214709, end_date=20250402T214711
[2025-04-02T21:47:11.199+0000] {local_task_job_runner.py:234} INFO - Task exited with return code 0
[2025-04-02T21:47:11.226+0000] {taskinstance.py:3280} INFO - 1 downstream tasks scheduled from follow-on schedule check
[2025-04-02T21:58:34.557+0000] {taskinstance.py:1956} INFO - Dependencies all met for dep_context=non-requeueable deps ti=<TaskInstance: Weather_Proj.Write_data_in_kafka scheduled__2025-04-02T20:40:00+00:00 [queued]>
[2025-04-02T21:58:34.564+0000] {taskinstance.py:1956} INFO - Dependencies all met for dep_context=requeueable deps ti=<TaskInstance: Weather_Proj.Write_data_in_kafka scheduled__2025-04-02T20:40:00+00:00 [queued]>
[2025-04-02T21:58:34.564+0000] {taskinstance.py:2170} INFO - Starting attempt 1 of 1
[2025-04-02T21:58:34.577+0000] {taskinstance.py:2191} INFO - Executing <Task(PythonOperator): Write_data_in_kafka> on 2025-04-02 20:40:00+00:00
[2025-04-02T21:58:34.582+0000] {clientserver.py:543} INFO - Closing down clientserver connection
[2025-04-02T21:58:34.581+0000] {standard_task_runner.py:60} INFO - Started process 4802 to run task
[2025-04-02T21:58:34.587+0000] {standard_task_runner.py:87} INFO - Running: ['***', 'tasks', 'run', 'Weather_Proj', 'Write_data_in_kafka', 'scheduled__2025-04-02T20:40:00+00:00', '--job-id', '17', '--raw', '--subdir', 'DAGS_FOLDER/Project_tasks.py', '--cfg-path', '/tmp/tmp2xj7iqi8']
[2025-04-02T21:58:34.588+0000] {standard_task_runner.py:88} INFO - Job 17: Subtask Write_data_in_kafka
[2025-04-02T21:58:34.630+0000] {task_command.py:423} INFO - Running <TaskInstance: Weather_Proj.Write_data_in_kafka scheduled__2025-04-02T20:40:00+00:00 [running]> on host f47524c1cda8
[2025-04-02T21:58:34.692+0000] {taskinstance.py:2480} INFO - Exporting env vars: AIRFLOW_CTX_DAG_OWNER='***' AIRFLOW_CTX_DAG_ID='Weather_Proj' AIRFLOW_CTX_TASK_ID='Write_data_in_kafka' AIRFLOW_CTX_EXECUTION_DATE='2025-04-02T20:40:00+00:00' AIRFLOW_CTX_TRY_NUMBER='1' AIRFLOW_CTX_DAG_RUN_ID='scheduled__2025-04-02T20:40:00+00:00'
[2025-04-02T21:58:35.705+0000] {python.py:201} INFO - Done. Returned value was: None
[2025-04-02T21:58:35.716+0000] {taskinstance.py:1138} INFO - Marking task as SUCCESS. dag_id=Weather_Proj, task_id=Write_data_in_kafka, execution_date=20250402T204000, start_date=20250402T215834, end_date=20250402T215835
[2025-04-02T21:58:35.762+0000] {local_task_job_runner.py:234} INFO - Task exited with return code 0
[2025-04-02T21:58:35.795+0000] {taskinstance.py:3280} INFO - 1 downstream tasks scheduled from follow-on schedule check
