[2025-04-02T22:00:53.304+0000] {taskinstance.py:1956} INFO - Dependencies all met for dep_context=non-requeueable deps ti=<TaskInstance: Weather_Proj.Create_Cassandra_schema scheduled__2025-04-02T21:20:00+00:00 [queued]>
[2025-04-02T22:00:53.313+0000] {taskinstance.py:1956} INFO - Dependencies all met for dep_context=requeueable deps ti=<TaskInstance: Weather_Proj.Create_Cassandra_schema scheduled__2025-04-02T21:20:00+00:00 [queued]>
[2025-04-02T22:00:53.313+0000] {taskinstance.py:2170} INFO - Starting attempt 1 of 1
[2025-04-02T22:00:53.326+0000] {taskinstance.py:2191} INFO - Executing <Task(PythonOperator): Create_Cassandra_schema> on 2025-04-02 21:20:00+00:00
[2025-04-02T22:00:53.333+0000] {standard_task_runner.py:60} INFO - Started process 6446 to run task
[2025-04-02T22:00:53.333+0000] {clientserver.py:543} INFO - Closing down clientserver connection
[2025-04-02T22:00:53.338+0000] {standard_task_runner.py:87} INFO - Running: ['***', 'tasks', 'run', 'Weather_Proj', 'Create_Cassandra_schema', 'scheduled__2025-04-02T21:20:00+00:00', '--job-id', '23', '--raw', '--subdir', 'DAGS_FOLDER/Project_tasks.py', '--cfg-path', '/tmp/tmppyinet8_']
[2025-04-02T22:00:53.339+0000] {standard_task_runner.py:88} INFO - Job 23: Subtask Create_Cassandra_schema
[2025-04-02T22:00:53.383+0000] {task_command.py:423} INFO - Running <TaskInstance: Weather_Proj.Create_Cassandra_schema scheduled__2025-04-02T21:20:00+00:00 [running]> on host f47524c1cda8
[2025-04-02T22:00:53.452+0000] {taskinstance.py:2480} INFO - Exporting env vars: AIRFLOW_CTX_DAG_OWNER='***' AIRFLOW_CTX_DAG_ID='Weather_Proj' AIRFLOW_CTX_TASK_ID='Create_Cassandra_schema' AIRFLOW_CTX_EXECUTION_DATE='2025-04-02T21:20:00+00:00' AIRFLOW_CTX_TRY_NUMBER='1' AIRFLOW_CTX_DAG_RUN_ID='scheduled__2025-04-02T21:20:00+00:00'
[2025-04-02T22:00:53.457+0000] {cassandra_creator.py:4} WARNING - Cluster.__init__ called with contact_points specified, but no load_balancing_policy. In the next major version, this will raise an error; please specify a load-balancing policy. (contact_points = ['cassandra'], lbp = None)
[2025-04-02T22:00:53.466+0000] {cassandra_creator.py:5} WARNING - Downgrading core protocol version from 66 to 65 for 172.24.0.4:9042. To avoid this, it is best practice to explicitly set Cluster(protocol_version) to the version supported by your cluster. http://datastax.github.io/python-driver/api/cassandra/cluster.html#cassandra.cluster.Cluster.protocol_version
[2025-04-02T22:00:53.468+0000] {cassandra_creator.py:5} WARNING - Downgrading core protocol version from 65 to 5 for 172.24.0.4:9042. To avoid this, it is best practice to explicitly set Cluster(protocol_version) to the version supported by your cluster. http://datastax.github.io/python-driver/api/cassandra/cluster.html#cassandra.cluster.Cluster.protocol_version
[2025-04-02T22:00:53.483+0000] {policies.py:289} INFO - Using datacenter 'datacenter1' for DCAwareRoundRobinPolicy (via host '172.24.0.4:9042'); if incorrect, please specify a local_dc to the constructor, or limit contact points to local cluster nodes
[2025-04-02T22:00:53.525+0000] {python.py:201} INFO - Done. Returned value was: None
[2025-04-02T22:00:53.536+0000] {taskinstance.py:1138} INFO - Marking task as SUCCESS. dag_id=Weather_Proj, task_id=Create_Cassandra_schema, execution_date=20250402T212000, start_date=20250402T220053, end_date=20250402T220053
[2025-04-02T22:00:53.589+0000] {local_task_job_runner.py:234} INFO - Task exited with return code 0
[2025-04-02T22:00:53.616+0000] {taskinstance.py:3280} INFO - 1 downstream tasks scheduled from follow-on schedule check
[2025-04-02T22:13:25.928+0000] {taskinstance.py:1956} INFO - Dependencies all met for dep_context=non-requeueable deps ti=<TaskInstance: Weather_Proj.Create_Cassandra_schema scheduled__2025-04-02T21:20:00+00:00 [queued]>
[2025-04-02T22:13:25.936+0000] {taskinstance.py:1956} INFO - Dependencies all met for dep_context=requeueable deps ti=<TaskInstance: Weather_Proj.Create_Cassandra_schema scheduled__2025-04-02T21:20:00+00:00 [queued]>
[2025-04-02T22:13:25.937+0000] {taskinstance.py:2170} INFO - Starting attempt 1 of 1
[2025-04-02T22:13:25.950+0000] {taskinstance.py:2191} INFO - Executing <Task(PythonOperator): Create_Cassandra_schema> on 2025-04-02 21:20:00+00:00
[2025-04-02T22:13:25.955+0000] {standard_task_runner.py:60} INFO - Started process 7553 to run task
[2025-04-02T22:13:25.959+0000] {standard_task_runner.py:87} INFO - Running: ['***', 'tasks', 'run', 'Weather_Proj', 'Create_Cassandra_schema', 'scheduled__2025-04-02T21:20:00+00:00', '--job-id', '36', '--raw', '--subdir', 'DAGS_FOLDER/Project_tasks.py', '--cfg-path', '/tmp/tmpblywbfqb']
[2025-04-02T22:13:25.960+0000] {standard_task_runner.py:88} INFO - Job 36: Subtask Create_Cassandra_schema
[2025-04-02T22:13:26.002+0000] {task_command.py:423} INFO - Running <TaskInstance: Weather_Proj.Create_Cassandra_schema scheduled__2025-04-02T21:20:00+00:00 [running]> on host f47524c1cda8
[2025-04-02T22:13:26.067+0000] {taskinstance.py:2480} INFO - Exporting env vars: AIRFLOW_CTX_DAG_OWNER='***' AIRFLOW_CTX_DAG_ID='Weather_Proj' AIRFLOW_CTX_TASK_ID='Create_Cassandra_schema' AIRFLOW_CTX_EXECUTION_DATE='2025-04-02T21:20:00+00:00' AIRFLOW_CTX_TRY_NUMBER='1' AIRFLOW_CTX_DAG_RUN_ID='scheduled__2025-04-02T21:20:00+00:00'
[2025-04-02T22:13:26.069+0000] {cassandra_creator.py:4} WARNING - Cluster.__init__ called with contact_points specified, but no load_balancing_policy. In the next major version, this will raise an error; please specify a load-balancing policy. (contact_points = ['cassandra'], lbp = None)
[2025-04-02T22:13:26.074+0000] {cassandra_creator.py:5} WARNING - Downgrading core protocol version from 66 to 65 for 172.24.0.4:9042. To avoid this, it is best practice to explicitly set Cluster(protocol_version) to the version supported by your cluster. http://datastax.github.io/python-driver/api/cassandra/cluster.html#cassandra.cluster.Cluster.protocol_version
[2025-04-02T22:13:26.075+0000] {cassandra_creator.py:5} WARNING - Downgrading core protocol version from 65 to 5 for 172.24.0.4:9042. To avoid this, it is best practice to explicitly set Cluster(protocol_version) to the version supported by your cluster. http://datastax.github.io/python-driver/api/cassandra/cluster.html#cassandra.cluster.Cluster.protocol_version
[2025-04-02T22:13:26.085+0000] {policies.py:289} INFO - Using datacenter 'datacenter1' for DCAwareRoundRobinPolicy (via host '172.24.0.4:9042'); if incorrect, please specify a local_dc to the constructor, or limit contact points to local cluster nodes
[2025-04-02T22:13:26.118+0000] {python.py:201} INFO - Done. Returned value was: None
[2025-04-02T22:13:26.130+0000] {taskinstance.py:1138} INFO - Marking task as SUCCESS. dag_id=Weather_Proj, task_id=Create_Cassandra_schema, execution_date=20250402T212000, start_date=20250402T221325, end_date=20250402T221326
[2025-04-02T22:13:26.171+0000] {local_task_job_runner.py:234} INFO - Task exited with return code 0
[2025-04-02T22:13:26.199+0000] {taskinstance.py:3280} INFO - 1 downstream tasks scheduled from follow-on schedule check
[2025-04-02T22:36:20.925+0000] {taskinstance.py:1956} INFO - Dependencies all met for dep_context=non-requeueable deps ti=<TaskInstance: Weather_Proj.Create_Cassandra_schema scheduled__2025-04-02T21:20:00+00:00 [queued]>
[2025-04-02T22:36:20.935+0000] {taskinstance.py:1956} INFO - Dependencies all met for dep_context=requeueable deps ti=<TaskInstance: Weather_Proj.Create_Cassandra_schema scheduled__2025-04-02T21:20:00+00:00 [queued]>
[2025-04-02T22:36:20.936+0000] {taskinstance.py:2170} INFO - Starting attempt 1 of 1
[2025-04-02T22:36:20.947+0000] {taskinstance.py:2191} INFO - Executing <Task(PythonOperator): Create_Cassandra_schema> on 2025-04-02 21:20:00+00:00
[2025-04-02T22:36:20.952+0000] {standard_task_runner.py:60} INFO - Started process 311 to run task
[2025-04-02T22:36:20.955+0000] {standard_task_runner.py:87} INFO - Running: ['***', 'tasks', 'run', 'Weather_Proj', 'Create_Cassandra_schema', 'scheduled__2025-04-02T21:20:00+00:00', '--job-id', '4', '--raw', '--subdir', 'DAGS_FOLDER/Project_tasks.py', '--cfg-path', '/tmp/tmprh5u596e']
[2025-04-02T22:36:20.957+0000] {standard_task_runner.py:88} INFO - Job 4: Subtask Create_Cassandra_schema
[2025-04-02T22:36:20.999+0000] {task_command.py:423} INFO - Running <TaskInstance: Weather_Proj.Create_Cassandra_schema scheduled__2025-04-02T21:20:00+00:00 [running]> on host 520607ad0646
[2025-04-02T22:36:21.061+0000] {taskinstance.py:2480} INFO - Exporting env vars: AIRFLOW_CTX_DAG_OWNER='***' AIRFLOW_CTX_DAG_ID='Weather_Proj' AIRFLOW_CTX_TASK_ID='Create_Cassandra_schema' AIRFLOW_CTX_EXECUTION_DATE='2025-04-02T21:20:00+00:00' AIRFLOW_CTX_TRY_NUMBER='1' AIRFLOW_CTX_DAG_RUN_ID='scheduled__2025-04-02T21:20:00+00:00'
[2025-04-02T22:36:21.066+0000] {cassandra_creator.py:4} WARNING - Cluster.__init__ called with contact_points specified, but no load_balancing_policy. In the next major version, this will raise an error; please specify a load-balancing policy. (contact_points = ['cassandra'], lbp = None)
[2025-04-02T22:36:21.110+0000] {cassandra_creator.py:5} WARNING - Downgrading core protocol version from 66 to 65 for 172.18.0.4:9042. To avoid this, it is best practice to explicitly set Cluster(protocol_version) to the version supported by your cluster. http://datastax.github.io/python-driver/api/cassandra/cluster.html#cassandra.cluster.Cluster.protocol_version
[2025-04-02T22:36:21.114+0000] {cassandra_creator.py:5} WARNING - Downgrading core protocol version from 65 to 5 for 172.18.0.4:9042. To avoid this, it is best practice to explicitly set Cluster(protocol_version) to the version supported by your cluster. http://datastax.github.io/python-driver/api/cassandra/cluster.html#cassandra.cluster.Cluster.protocol_version
[2025-04-02T22:36:21.214+0000] {policies.py:289} INFO - Using datacenter 'datacenter1' for DCAwareRoundRobinPolicy (via host '172.18.0.4:9042'); if incorrect, please specify a local_dc to the constructor, or limit contact points to local cluster nodes
[2025-04-02T22:36:21.727+0000] {python.py:201} INFO - Done. Returned value was: None
[2025-04-02T22:36:21.735+0000] {taskinstance.py:1138} INFO - Marking task as SUCCESS. dag_id=Weather_Proj, task_id=Create_Cassandra_schema, execution_date=20250402T212000, start_date=20250402T223620, end_date=20250402T223621
[2025-04-02T22:36:21.769+0000] {local_task_job_runner.py:234} INFO - Task exited with return code 0
[2025-04-02T22:36:21.794+0000] {taskinstance.py:3280} INFO - 1 downstream tasks scheduled from follow-on schedule check
