[2025-04-04T13:26:38.238+0000] {taskinstance.py:1956} INFO - Dependencies all met for dep_context=non-requeueable deps ti=<TaskInstance: Weather_Proj.Spark_Processing manual__2025-04-04T13:25:53.653537+00:00 [queued]>
[2025-04-04T13:26:38.246+0000] {taskinstance.py:1956} INFO - Dependencies all met for dep_context=requeueable deps ti=<TaskInstance: Weather_Proj.Spark_Processing manual__2025-04-04T13:25:53.653537+00:00 [queued]>
[2025-04-04T13:26:38.246+0000] {taskinstance.py:2170} INFO - Starting attempt 1 of 1
[2025-04-04T13:26:38.259+0000] {taskinstance.py:2191} INFO - Executing <Task(PythonOperator): Spark_Processing> on 2025-04-04 13:25:53.653537+00:00
[2025-04-04T13:26:38.263+0000] {standard_task_runner.py:60} INFO - Started process 7248 to run task
[2025-04-04T13:26:38.267+0000] {standard_task_runner.py:87} INFO - Running: ['***', 'tasks', 'run', 'Weather_Proj', 'Spark_Processing', 'manual__2025-04-04T13:25:53.653537+00:00', '--job-id', '215', '--raw', '--subdir', 'DAGS_FOLDER/Project_tasks.py', '--cfg-path', '/tmp/tmp5xar4o9i']
[2025-04-04T13:26:38.269+0000] {standard_task_runner.py:88} INFO - Job 215: Subtask Spark_Processing
[2025-04-04T13:26:38.309+0000] {task_command.py:423} INFO - Running <TaskInstance: Weather_Proj.Spark_Processing manual__2025-04-04T13:25:53.653537+00:00 [running]> on host 7fc40170f80d
[2025-04-04T13:26:38.379+0000] {taskinstance.py:2480} INFO - Exporting env vars: AIRFLOW_CTX_DAG_OWNER='***' AIRFLOW_CTX_DAG_ID='Weather_Proj' AIRFLOW_CTX_TASK_ID='Spark_Processing' AIRFLOW_CTX_EXECUTION_DATE='2025-04-04T13:25:53.653537+00:00' AIRFLOW_CTX_TRY_NUMBER='1' AIRFLOW_CTX_DAG_RUN_ID='manual__2025-04-04T13:25:53.653537+00:00'
[2025-04-04T13:26:44.563+0000] {logging_mixin.py:188} INFO - root
 |-- data: struct (nullable = true)
 |    |-- base: string (nullable = true)
 |    |-- clouds: struct (nullable = true)
 |    |    |-- all: long (nullable = true)
 |    |-- cod: long (nullable = true)
 |    |-- coord: struct (nullable = true)
 |    |    |-- lat: double (nullable = true)
 |    |    |-- lon: double (nullable = true)
 |    |-- dt: long (nullable = true)
 |    |-- id: long (nullable = true)
 |    |-- main: struct (nullable = true)
 |    |    |-- feels_like: double (nullable = true)
 |    |    |-- grnd_level: long (nullable = true)
 |    |    |-- humidity: long (nullable = true)
 |    |    |-- pressure: long (nullable = true)
 |    |    |-- sea_level: long (nullable = true)
 |    |    |-- temp: double (nullable = true)
 |    |    |-- temp_max: double (nullable = true)
 |    |    |-- temp_min: double (nullable = true)
 |    |-- name: string (nullable = true)
 |    |-- sys: struct (nullable = true)
 |    |    |-- country: string (nullable = true)
 |    |    |-- id: long (nullable = true)
 |    |    |-- sunrise: long (nullable = true)
 |    |    |-- sunset: long (nullable = true)
 |    |    |-- type: long (nullable = true)
 |    |-- timezone: long (nullable = true)
 |    |-- visibility: long (nullable = true)
 |    |-- weather: array (nullable = true)
 |    |    |-- element: struct (containsNull = true)
 |    |    |    |-- description: string (nullable = true)
 |    |    |    |-- icon: string (nullable = true)
 |    |    |    |-- id: long (nullable = true)
 |    |    |    |-- main: string (nullable = true)
 |    |-- wind: struct (nullable = true)
 |    |    |-- deg: long (nullable = true)
 |    |    |-- gust: double (nullable = true)
 |    |    |-- speed: double (nullable = true)
[2025-04-04T13:26:44.664+0000] {logging_mixin.py:188} INFO - root
 |-- city_name: string (nullable = true)
 |-- city_timezone: long (nullable = true)
 |-- time_utc: long (nullable = true)
 |-- city_country: string (nullable = true)
 |-- sunrise_time_utc: long (nullable = true)
 |-- sunset_time_utc: long (nullable = true)
 |-- sea_level_meter: long (nullable = true)
 |-- temp_celisus: double (nullable = true)
 |-- temp_min_celisus: double (nullable = true)
 |-- temp_max_celisus: double (nullable = true)
 |-- humidity_gram_m3: long (nullable = true)
 |-- pressure_pascal: long (nullable = true)
 |-- latitude: double (nullable = true)
 |-- longtiude: double (nullable = true)
 |-- weather_description: string (nullable = true)
[2025-04-04T13:26:44.681+0000] {java_gateway.py:2273} INFO - Callback Server Starting
[2025-04-04T13:26:44.682+0000] {java_gateway.py:2275} INFO - Socket listening on ('127.0.0.1', 38035)
[2025-04-04T13:26:46.855+0000] {clientserver.py:561} INFO - Python Server ready to receive messages
[2025-04-04T13:26:46.856+0000] {clientserver.py:575} INFO - Received command c on object id p0
[2025-04-04T13:26:46.860+0000] {logging_mixin.py:188} INFO - Stuck here2 with batch id12
[2025-04-04T13:26:49.307+0000] {logging_mixin.py:188} INFO - +-----------------+-------------+----------+------------+----------------+---------------+---------------+------------+----------------+----------------+----------------+---------------+--------+---------+-------------------+
|city_name        |city_timezone|time_utc  |city_country|sunrise_time_utc|sunset_time_utc|sea_level_meter|temp_celisus|temp_min_celisus|temp_max_celisus|humidity_gram_m3|pressure_pascal|latitude|longtiude|weather_description|
+-----------------+-------------+----------+------------+----------------+---------------+---------------+------------+----------------+----------------+----------------+---------------+--------+---------+-------------------+
|Sohag            |7200         |1743772153|EG          |1743738047      |1743783075     |1011           |30.08       |30.08           |30.08           |15              |1011           |31.6948 |26.557   |clear sky          |
|Sīwah            |7200         |1743772154|EG          |1743739441      |1743784645     |1012           |26.83       |26.83           |26.83           |22              |1012           |25.5195 |29.2041  |clear sky          |
|Shibîn el-Qanâṭir|7200         |1743772154|EG          |1743738012      |1743783290     |1011           |23.04       |23.04           |23.45           |22              |1011           |31.3202 |30.3127  |clear sky          |
+-----------------+-------------+----------+------------+----------------+---------------+---------------+------------+----------------+----------------+----------------+---------------+--------+---------+-------------------+
only showing top 3 rows
[2025-04-04T13:26:50.740+0000] {logging_mixin.py:188} INFO - ✅ Batch 2025-04-04 13:26:49.933199 has data: 98 rows
[2025-04-04T13:26:54.573+0000] {clientserver.py:575} INFO - Received command c on object id p0
[2025-04-04T13:26:54.575+0000] {logging_mixin.py:188} INFO - Stuck here2 with batch id13
[2025-04-04T13:26:54.662+0000] {logging_mixin.py:188} INFO - +-----------------+-------------+----------+------------+----------------+---------------+---------------+------------+----------------+----------------+----------------+---------------+--------+---------+-------------------+
|city_name        |city_timezone|time_utc  |city_country|sunrise_time_utc|sunset_time_utc|sea_level_meter|temp_celisus|temp_min_celisus|temp_max_celisus|humidity_gram_m3|pressure_pascal|latitude|longtiude|weather_description|
+-----------------+-------------+----------+------------+----------------+---------------+---------------+------------+----------------+----------------+----------------+---------------+--------+---------+-------------------+
|Sohag            |7200         |1743772712|EG          |1743738047      |1743783075     |1011           |30.08       |30.08           |30.08           |15              |1011           |31.6948 |26.557   |clear sky          |
|Sīwah            |7200         |1743772712|EG          |1743739441      |1743784645     |1012           |26.84       |26.84           |26.84           |22              |1012           |25.5195 |29.2041  |clear sky          |
|Shibîn el-Qanâṭir|7200         |1743772728|EG          |1743738012      |1743783290     |1011           |24.15       |24.15           |24.45           |21              |1011           |31.3202 |30.3127  |clear sky          |
+-----------------+-------------+----------+------------+----------------+---------------+---------------+------------+----------------+----------------+----------------+---------------+--------+---------+-------------------+
only showing top 3 rows
[2025-04-04T13:26:54.830+0000] {logging_mixin.py:188} INFO - ✅ Batch 2025-04-04 13:26:54.726515 has data: 147 rows
[2025-04-04T13:27:44.872+0000] {python.py:201} INFO - Done. Returned value was: None
[2025-04-04T13:27:44.885+0000] {taskinstance.py:1138} INFO - Marking task as SUCCESS. dag_id=Weather_Proj, task_id=Spark_Processing, execution_date=20250404T132553, start_date=20250404T132638, end_date=20250404T132744
[2025-04-04T13:27:44.947+0000] {local_task_job_runner.py:234} INFO - Task exited with return code 0
[2025-04-04T13:27:44.961+0000] {taskinstance.py:3280} INFO - 0 downstream tasks scheduled from follow-on schedule check
