[2025-04-02T20:41:04.438+0000] {taskinstance.py:1956} INFO - Dependencies all met for dep_context=non-requeueable deps ti=<TaskInstance: Weather_Proj.Write_data_in_kafka scheduled__2025-04-02T20:00:00+00:00 [queued]>
[2025-04-02T20:41:04.445+0000] {taskinstance.py:1956} INFO - Dependencies all met for dep_context=requeueable deps ti=<TaskInstance: Weather_Proj.Write_data_in_kafka scheduled__2025-04-02T20:00:00+00:00 [queued]>
[2025-04-02T20:41:04.445+0000] {taskinstance.py:2170} INFO - Starting attempt 1 of 1
[2025-04-02T20:41:04.456+0000] {taskinstance.py:2191} INFO - Executing <Task(PythonOperator): Write_data_in_kafka> on 2025-04-02 20:00:00+00:00
[2025-04-02T20:41:04.461+0000] {standard_task_runner.py:60} INFO - Started process 2483 to run task
[2025-04-02T20:41:04.461+0000] {clientserver.py:543} INFO - Closing down clientserver connection
[2025-04-02T20:41:04.466+0000] {standard_task_runner.py:87} INFO - Running: ['***', 'tasks', 'run', 'Weather_Proj', 'Write_data_in_kafka', 'scheduled__2025-04-02T20:00:00+00:00', '--job-id', '29', '--raw', '--subdir', 'DAGS_FOLDER/Project_tasks.py', '--cfg-path', '/tmp/tmp3jz8a8lg']
[2025-04-02T20:41:04.467+0000] {standard_task_runner.py:88} INFO - Job 29: Subtask Write_data_in_kafka
[2025-04-02T20:41:04.509+0000] {task_command.py:423} INFO - Running <TaskInstance: Weather_Proj.Write_data_in_kafka scheduled__2025-04-02T20:00:00+00:00 [running]> on host 34d96960033d
[2025-04-02T20:41:04.573+0000] {taskinstance.py:2480} INFO - Exporting env vars: AIRFLOW_CTX_DAG_OWNER='***' AIRFLOW_CTX_DAG_ID='Weather_Proj' AIRFLOW_CTX_TASK_ID='Write_data_in_kafka' AIRFLOW_CTX_EXECUTION_DATE='2025-04-02T20:00:00+00:00' AIRFLOW_CTX_TRY_NUMBER='1' AIRFLOW_CTX_DAG_RUN_ID='scheduled__2025-04-02T20:00:00+00:00'
[2025-04-02T20:41:05.672+0000] {python.py:201} INFO - Done. Returned value was: None
[2025-04-02T20:41:05.681+0000] {taskinstance.py:1138} INFO - Marking task as SUCCESS. dag_id=Weather_Proj, task_id=Write_data_in_kafka, execution_date=20250402T200000, start_date=20250402T204104, end_date=20250402T204105
[2025-04-02T20:41:05.720+0000] {local_task_job_runner.py:234} INFO - Task exited with return code 0
[2025-04-02T20:41:05.737+0000] {taskinstance.py:3280} INFO - 0 downstream tasks scheduled from follow-on schedule check
[2025-04-02T20:44:00.947+0000] {taskinstance.py:1956} INFO - Dependencies all met for dep_context=non-requeueable deps ti=<TaskInstance: Weather_Proj.Write_data_in_kafka scheduled__2025-04-02T20:00:00+00:00 [queued]>
[2025-04-02T20:44:00.955+0000] {taskinstance.py:1956} INFO - Dependencies all met for dep_context=requeueable deps ti=<TaskInstance: Weather_Proj.Write_data_in_kafka scheduled__2025-04-02T20:00:00+00:00 [queued]>
[2025-04-02T20:44:00.955+0000] {taskinstance.py:2170} INFO - Starting attempt 1 of 1
[2025-04-02T20:44:00.968+0000] {taskinstance.py:2191} INFO - Executing <Task(PythonOperator): Write_data_in_kafka> on 2025-04-02 20:00:00+00:00
[2025-04-02T20:44:00.973+0000] {standard_task_runner.py:60} INFO - Started process 3077 to run task
[2025-04-02T20:44:00.973+0000] {clientserver.py:543} INFO - Closing down clientserver connection
[2025-04-02T20:44:00.977+0000] {standard_task_runner.py:87} INFO - Running: ['***', 'tasks', 'run', 'Weather_Proj', 'Write_data_in_kafka', 'scheduled__2025-04-02T20:00:00+00:00', '--job-id', '31', '--raw', '--subdir', 'DAGS_FOLDER/Project_tasks.py', '--cfg-path', '/tmp/tmpnla909cj']
[2025-04-02T20:44:00.978+0000] {standard_task_runner.py:88} INFO - Job 31: Subtask Write_data_in_kafka
[2025-04-02T20:44:01.024+0000] {task_command.py:423} INFO - Running <TaskInstance: Weather_Proj.Write_data_in_kafka scheduled__2025-04-02T20:00:00+00:00 [running]> on host 34d96960033d
[2025-04-02T20:44:01.091+0000] {taskinstance.py:2480} INFO - Exporting env vars: AIRFLOW_CTX_DAG_OWNER='***' AIRFLOW_CTX_DAG_ID='Weather_Proj' AIRFLOW_CTX_TASK_ID='Write_data_in_kafka' AIRFLOW_CTX_EXECUTION_DATE='2025-04-02T20:00:00+00:00' AIRFLOW_CTX_TRY_NUMBER='1' AIRFLOW_CTX_DAG_RUN_ID='scheduled__2025-04-02T20:00:00+00:00'
[2025-04-02T20:44:02.110+0000] {python.py:201} INFO - Done. Returned value was: None
[2025-04-02T20:44:02.122+0000] {taskinstance.py:1138} INFO - Marking task as SUCCESS. dag_id=Weather_Proj, task_id=Write_data_in_kafka, execution_date=20250402T200000, start_date=20250402T204400, end_date=20250402T204402
[2025-04-02T20:44:02.152+0000] {local_task_job_runner.py:234} INFO - Task exited with return code 0
[2025-04-02T20:44:02.183+0000] {taskinstance.py:3280} INFO - 1 downstream tasks scheduled from follow-on schedule check
