[2025-04-02T22:40:01.749+0000] {taskinstance.py:1956} INFO - Dependencies all met for dep_context=non-requeueable deps ti=<TaskInstance: Weather_Proj.Produce_data scheduled__2025-04-02T22:00:00+00:00 [queued]>
[2025-04-02T22:40:01.758+0000] {taskinstance.py:1956} INFO - Dependencies all met for dep_context=requeueable deps ti=<TaskInstance: Weather_Proj.Produce_data scheduled__2025-04-02T22:00:00+00:00 [queued]>
[2025-04-02T22:40:01.758+0000] {taskinstance.py:2170} INFO - Starting attempt 1 of 1
[2025-04-02T22:40:01.770+0000] {taskinstance.py:2191} INFO - Executing <Task(PythonOperator): Produce_data> on 2025-04-02 22:00:00+00:00
[2025-04-02T22:40:01.774+0000] {standard_task_runner.py:60} INFO - Started process 643 to run task
[2025-04-02T22:40:01.778+0000] {standard_task_runner.py:87} INFO - Running: ['***', 'tasks', 'run', 'Weather_Proj', 'Produce_data', 'scheduled__2025-04-02T22:00:00+00:00', '--job-id', '6', '--raw', '--subdir', 'DAGS_FOLDER/Project_tasks.py', '--cfg-path', '/tmp/tmpfsfkzeo9']
[2025-04-02T22:40:01.779+0000] {standard_task_runner.py:88} INFO - Job 6: Subtask Produce_data
[2025-04-02T22:40:01.822+0000] {task_command.py:423} INFO - Running <TaskInstance: Weather_Proj.Produce_data scheduled__2025-04-02T22:00:00+00:00 [running]> on host 520607ad0646
[2025-04-02T22:40:01.882+0000] {taskinstance.py:2480} INFO - Exporting env vars: AIRFLOW_CTX_DAG_OWNER='***' AIRFLOW_CTX_DAG_ID='Weather_Proj' AIRFLOW_CTX_TASK_ID='Produce_data' AIRFLOW_CTX_EXECUTION_DATE='2025-04-02T22:00:00+00:00' AIRFLOW_CTX_TRY_NUMBER='1' AIRFLOW_CTX_DAG_RUN_ID='scheduled__2025-04-02T22:00:00+00:00'
[2025-04-02T22:40:22.689+0000] {logging_mixin.py:188} INFO - Data successfully written to 'data.json'.
[2025-04-02T22:40:22.691+0000] {python.py:201} INFO - Done. Returned value was: None
[2025-04-02T22:40:22.700+0000] {taskinstance.py:1138} INFO - Marking task as SUCCESS. dag_id=Weather_Proj, task_id=Produce_data, execution_date=20250402T220000, start_date=20250402T224001, end_date=20250402T224022
[2025-04-02T22:40:22.744+0000] {local_task_job_runner.py:234} INFO - Task exited with return code 0
[2025-04-02T22:40:22.778+0000] {taskinstance.py:3280} INFO - 1 downstream tasks scheduled from follow-on schedule check
[2025-04-02T23:14:57.948+0000] {taskinstance.py:1956} INFO - Dependencies all met for dep_context=non-requeueable deps ti=<TaskInstance: Weather_Proj.Produce_data scheduled__2025-04-02T22:00:00+00:00 [queued]>
[2025-04-02T23:14:57.957+0000] {taskinstance.py:1956} INFO - Dependencies all met for dep_context=requeueable deps ti=<TaskInstance: Weather_Proj.Produce_data scheduled__2025-04-02T22:00:00+00:00 [queued]>
[2025-04-02T23:14:57.958+0000] {taskinstance.py:2170} INFO - Starting attempt 1 of 1
[2025-04-02T23:14:57.969+0000] {taskinstance.py:2191} INFO - Executing <Task(PythonOperator): Produce_data> on 2025-04-02 22:00:00+00:00
[2025-04-02T23:14:57.974+0000] {standard_task_runner.py:60} INFO - Started process 3413 to run task
[2025-04-02T23:14:57.977+0000] {standard_task_runner.py:87} INFO - Running: ['***', 'tasks', 'run', 'Weather_Proj', 'Produce_data', 'scheduled__2025-04-02T22:00:00+00:00', '--job-id', '34', '--raw', '--subdir', 'DAGS_FOLDER/Project_tasks.py', '--cfg-path', '/tmp/tmpkly79b6v']
[2025-04-02T23:14:57.979+0000] {standard_task_runner.py:88} INFO - Job 34: Subtask Produce_data
[2025-04-02T23:14:58.021+0000] {task_command.py:423} INFO - Running <TaskInstance: Weather_Proj.Produce_data scheduled__2025-04-02T22:00:00+00:00 [running]> on host 520607ad0646
[2025-04-02T23:14:58.086+0000] {taskinstance.py:2480} INFO - Exporting env vars: AIRFLOW_CTX_DAG_OWNER='***' AIRFLOW_CTX_DAG_ID='Weather_Proj' AIRFLOW_CTX_TASK_ID='Produce_data' AIRFLOW_CTX_EXECUTION_DATE='2025-04-02T22:00:00+00:00' AIRFLOW_CTX_TRY_NUMBER='1' AIRFLOW_CTX_DAG_RUN_ID='scheduled__2025-04-02T22:00:00+00:00'
[2025-04-02T23:15:31.541+0000] {logging_mixin.py:188} INFO - Data successfully written to 'data.json'.
[2025-04-02T23:15:31.544+0000] {python.py:201} INFO - Done. Returned value was: None
[2025-04-02T23:15:31.553+0000] {taskinstance.py:1138} INFO - Marking task as SUCCESS. dag_id=Weather_Proj, task_id=Produce_data, execution_date=20250402T220000, start_date=20250402T231457, end_date=20250402T231531
[2025-04-02T23:15:31.599+0000] {local_task_job_runner.py:234} INFO - Task exited with return code 0
[2025-04-02T23:15:31.641+0000] {taskinstance.py:3280} INFO - 1 downstream tasks scheduled from follow-on schedule check
