[2025-04-02T22:00:46.471+0000] {taskinstance.py:1956} INFO - Dependencies all met for dep_context=non-requeueable deps ti=<TaskInstance: Weather_Proj.Write_data_in_kafka scheduled__2025-04-02T21:20:00+00:00 [queued]>
[2025-04-02T22:00:46.478+0000] {taskinstance.py:1956} INFO - Dependencies all met for dep_context=requeueable deps ti=<TaskInstance: Weather_Proj.Write_data_in_kafka scheduled__2025-04-02T21:20:00+00:00 [queued]>
[2025-04-02T22:00:46.479+0000] {taskinstance.py:2170} INFO - Starting attempt 1 of 1
[2025-04-02T22:00:46.490+0000] {taskinstance.py:2191} INFO - Executing <Task(PythonOperator): Write_data_in_kafka> on 2025-04-02 21:20:00+00:00
[2025-04-02T22:00:46.495+0000] {clientserver.py:543} INFO - Closing down clientserver connection
[2025-04-02T22:00:46.495+0000] {standard_task_runner.py:60} INFO - Started process 6171 to run task
[2025-04-02T22:00:46.500+0000] {standard_task_runner.py:87} INFO - Running: ['***', 'tasks', 'run', 'Weather_Proj', 'Write_data_in_kafka', 'scheduled__2025-04-02T21:20:00+00:00', '--job-id', '22', '--raw', '--subdir', 'DAGS_FOLDER/Project_tasks.py', '--cfg-path', '/tmp/tmpxzodbigr']
[2025-04-02T22:00:46.501+0000] {standard_task_runner.py:88} INFO - Job 22: Subtask Write_data_in_kafka
[2025-04-02T22:00:46.542+0000] {task_command.py:423} INFO - Running <TaskInstance: Weather_Proj.Write_data_in_kafka scheduled__2025-04-02T21:20:00+00:00 [running]> on host f47524c1cda8
[2025-04-02T22:00:46.605+0000] {taskinstance.py:2480} INFO - Exporting env vars: AIRFLOW_CTX_DAG_OWNER='***' AIRFLOW_CTX_DAG_ID='Weather_Proj' AIRFLOW_CTX_TASK_ID='Write_data_in_kafka' AIRFLOW_CTX_EXECUTION_DATE='2025-04-02T21:20:00+00:00' AIRFLOW_CTX_TRY_NUMBER='1' AIRFLOW_CTX_DAG_RUN_ID='scheduled__2025-04-02T21:20:00+00:00'
[2025-04-02T22:00:47.630+0000] {python.py:201} INFO - Done. Returned value was: None
[2025-04-02T22:00:47.642+0000] {taskinstance.py:1138} INFO - Marking task as SUCCESS. dag_id=Weather_Proj, task_id=Write_data_in_kafka, execution_date=20250402T212000, start_date=20250402T220046, end_date=20250402T220047
[2025-04-02T22:00:47.674+0000] {local_task_job_runner.py:234} INFO - Task exited with return code 0
[2025-04-02T22:00:47.697+0000] {taskinstance.py:3280} INFO - 1 downstream tasks scheduled from follow-on schedule check
[2025-04-02T22:13:23.645+0000] {taskinstance.py:1956} INFO - Dependencies all met for dep_context=non-requeueable deps ti=<TaskInstance: Weather_Proj.Write_data_in_kafka scheduled__2025-04-02T21:20:00+00:00 [queued]>
[2025-04-02T22:13:23.656+0000] {taskinstance.py:1956} INFO - Dependencies all met for dep_context=requeueable deps ti=<TaskInstance: Weather_Proj.Write_data_in_kafka scheduled__2025-04-02T21:20:00+00:00 [queued]>
[2025-04-02T22:13:23.656+0000] {taskinstance.py:2170} INFO - Starting attempt 1 of 1
[2025-04-02T22:13:23.671+0000] {taskinstance.py:2191} INFO - Executing <Task(PythonOperator): Write_data_in_kafka> on 2025-04-02 21:20:00+00:00
[2025-04-02T22:13:23.677+0000] {standard_task_runner.py:60} INFO - Started process 7548 to run task
[2025-04-02T22:13:23.681+0000] {standard_task_runner.py:87} INFO - Running: ['***', 'tasks', 'run', 'Weather_Proj', 'Write_data_in_kafka', 'scheduled__2025-04-02T21:20:00+00:00', '--job-id', '35', '--raw', '--subdir', 'DAGS_FOLDER/Project_tasks.py', '--cfg-path', '/tmp/tmpcejuk1rt']
[2025-04-02T22:13:23.682+0000] {standard_task_runner.py:88} INFO - Job 35: Subtask Write_data_in_kafka
[2025-04-02T22:13:23.732+0000] {task_command.py:423} INFO - Running <TaskInstance: Weather_Proj.Write_data_in_kafka scheduled__2025-04-02T21:20:00+00:00 [running]> on host f47524c1cda8
[2025-04-02T22:13:23.796+0000] {taskinstance.py:2480} INFO - Exporting env vars: AIRFLOW_CTX_DAG_OWNER='***' AIRFLOW_CTX_DAG_ID='Weather_Proj' AIRFLOW_CTX_TASK_ID='Write_data_in_kafka' AIRFLOW_CTX_EXECUTION_DATE='2025-04-02T21:20:00+00:00' AIRFLOW_CTX_TRY_NUMBER='1' AIRFLOW_CTX_DAG_RUN_ID='scheduled__2025-04-02T21:20:00+00:00'
[2025-04-02T22:13:24.806+0000] {python.py:201} INFO - Done. Returned value was: None
[2025-04-02T22:13:24.819+0000] {taskinstance.py:1138} INFO - Marking task as SUCCESS. dag_id=Weather_Proj, task_id=Write_data_in_kafka, execution_date=20250402T212000, start_date=20250402T221323, end_date=20250402T221324
[2025-04-02T22:13:24.857+0000] {local_task_job_runner.py:234} INFO - Task exited with return code 0
[2025-04-02T22:13:24.898+0000] {taskinstance.py:3280} INFO - 1 downstream tasks scheduled from follow-on schedule check
[2025-04-02T22:36:18.754+0000] {taskinstance.py:1956} INFO - Dependencies all met for dep_context=non-requeueable deps ti=<TaskInstance: Weather_Proj.Write_data_in_kafka scheduled__2025-04-02T21:20:00+00:00 [queued]>
[2025-04-02T22:36:18.765+0000] {taskinstance.py:1956} INFO - Dependencies all met for dep_context=requeueable deps ti=<TaskInstance: Weather_Proj.Write_data_in_kafka scheduled__2025-04-02T21:20:00+00:00 [queued]>
[2025-04-02T22:36:18.765+0000] {taskinstance.py:2170} INFO - Starting attempt 1 of 1
[2025-04-02T22:36:18.779+0000] {taskinstance.py:2191} INFO - Executing <Task(PythonOperator): Write_data_in_kafka> on 2025-04-02 21:20:00+00:00
[2025-04-02T22:36:18.784+0000] {standard_task_runner.py:60} INFO - Started process 306 to run task
[2025-04-02T22:36:18.787+0000] {standard_task_runner.py:87} INFO - Running: ['***', 'tasks', 'run', 'Weather_Proj', 'Write_data_in_kafka', 'scheduled__2025-04-02T21:20:00+00:00', '--job-id', '3', '--raw', '--subdir', 'DAGS_FOLDER/Project_tasks.py', '--cfg-path', '/tmp/tmpr7q4rw4g']
[2025-04-02T22:36:18.789+0000] {standard_task_runner.py:88} INFO - Job 3: Subtask Write_data_in_kafka
[2025-04-02T22:36:18.832+0000] {task_command.py:423} INFO - Running <TaskInstance: Weather_Proj.Write_data_in_kafka scheduled__2025-04-02T21:20:00+00:00 [running]> on host 520607ad0646
[2025-04-02T22:36:18.897+0000] {taskinstance.py:2480} INFO - Exporting env vars: AIRFLOW_CTX_DAG_OWNER='***' AIRFLOW_CTX_DAG_ID='Weather_Proj' AIRFLOW_CTX_TASK_ID='Write_data_in_kafka' AIRFLOW_CTX_EXECUTION_DATE='2025-04-02T21:20:00+00:00' AIRFLOW_CTX_TRY_NUMBER='1' AIRFLOW_CTX_DAG_RUN_ID='scheduled__2025-04-02T21:20:00+00:00'
[2025-04-02T22:36:19.971+0000] {python.py:201} INFO - Done. Returned value was: None
[2025-04-02T22:36:19.982+0000] {taskinstance.py:1138} INFO - Marking task as SUCCESS. dag_id=Weather_Proj, task_id=Write_data_in_kafka, execution_date=20250402T212000, start_date=20250402T223618, end_date=20250402T223619
[2025-04-02T22:36:20.003+0000] {local_task_job_runner.py:234} INFO - Task exited with return code 0
[2025-04-02T22:36:20.028+0000] {taskinstance.py:3280} INFO - 1 downstream tasks scheduled from follow-on schedule check
