[2025-04-02T22:40:24.201+0000] {taskinstance.py:1956} INFO - Dependencies all met for dep_context=non-requeueable deps ti=<TaskInstance: Weather_Proj.Write_data_in_kafka scheduled__2025-04-02T22:00:00+00:00 [queued]>
[2025-04-02T22:40:24.211+0000] {taskinstance.py:1956} INFO - Dependencies all met for dep_context=requeueable deps ti=<TaskInstance: Weather_Proj.Write_data_in_kafka scheduled__2025-04-02T22:00:00+00:00 [queued]>
[2025-04-02T22:40:24.211+0000] {taskinstance.py:2170} INFO - Starting attempt 1 of 1
[2025-04-02T22:40:24.222+0000] {taskinstance.py:2191} INFO - Executing <Task(PythonOperator): Write_data_in_kafka> on 2025-04-02 22:00:00+00:00
[2025-04-02T22:40:24.226+0000] {standard_task_runner.py:60} INFO - Started process 652 to run task
[2025-04-02T22:40:24.229+0000] {standard_task_runner.py:87} INFO - Running: ['***', 'tasks', 'run', 'Weather_Proj', 'Write_data_in_kafka', 'scheduled__2025-04-02T22:00:00+00:00', '--job-id', '7', '--raw', '--subdir', 'DAGS_FOLDER/Project_tasks.py', '--cfg-path', '/tmp/tmp52bn0bei']
[2025-04-02T22:40:24.231+0000] {standard_task_runner.py:88} INFO - Job 7: Subtask Write_data_in_kafka
[2025-04-02T22:40:24.271+0000] {task_command.py:423} INFO - Running <TaskInstance: Weather_Proj.Write_data_in_kafka scheduled__2025-04-02T22:00:00+00:00 [running]> on host 520607ad0646
[2025-04-02T22:40:24.328+0000] {taskinstance.py:2480} INFO - Exporting env vars: AIRFLOW_CTX_DAG_OWNER='***' AIRFLOW_CTX_DAG_ID='Weather_Proj' AIRFLOW_CTX_TASK_ID='Write_data_in_kafka' AIRFLOW_CTX_EXECUTION_DATE='2025-04-02T22:00:00+00:00' AIRFLOW_CTX_TRY_NUMBER='1' AIRFLOW_CTX_DAG_RUN_ID='scheduled__2025-04-02T22:00:00+00:00'
[2025-04-02T22:40:25.345+0000] {python.py:201} INFO - Done. Returned value was: None
[2025-04-02T22:40:25.357+0000] {taskinstance.py:1138} INFO - Marking task as SUCCESS. dag_id=Weather_Proj, task_id=Write_data_in_kafka, execution_date=20250402T220000, start_date=20250402T224024, end_date=20250402T224025
[2025-04-02T22:40:25.405+0000] {local_task_job_runner.py:234} INFO - Task exited with return code 0
[2025-04-02T22:40:25.439+0000] {taskinstance.py:3280} INFO - 1 downstream tasks scheduled from follow-on schedule check
[2025-04-02T23:15:33.239+0000] {taskinstance.py:1956} INFO - Dependencies all met for dep_context=non-requeueable deps ti=<TaskInstance: Weather_Proj.Write_data_in_kafka scheduled__2025-04-02T22:00:00+00:00 [queued]>
[2025-04-02T23:15:33.249+0000] {taskinstance.py:1956} INFO - Dependencies all met for dep_context=requeueable deps ti=<TaskInstance: Weather_Proj.Write_data_in_kafka scheduled__2025-04-02T22:00:00+00:00 [queued]>
[2025-04-02T23:15:33.250+0000] {taskinstance.py:2170} INFO - Starting attempt 1 of 1
[2025-04-02T23:15:33.262+0000] {taskinstance.py:2191} INFO - Executing <Task(PythonOperator): Write_data_in_kafka> on 2025-04-02 22:00:00+00:00
[2025-04-02T23:15:33.267+0000] {standard_task_runner.py:60} INFO - Started process 3422 to run task
[2025-04-02T23:15:33.270+0000] {standard_task_runner.py:87} INFO - Running: ['***', 'tasks', 'run', 'Weather_Proj', 'Write_data_in_kafka', 'scheduled__2025-04-02T22:00:00+00:00', '--job-id', '35', '--raw', '--subdir', 'DAGS_FOLDER/Project_tasks.py', '--cfg-path', '/tmp/tmp5pormesy']
[2025-04-02T23:15:33.271+0000] {standard_task_runner.py:88} INFO - Job 35: Subtask Write_data_in_kafka
[2025-04-02T23:15:33.314+0000] {task_command.py:423} INFO - Running <TaskInstance: Weather_Proj.Write_data_in_kafka scheduled__2025-04-02T22:00:00+00:00 [running]> on host 520607ad0646
[2025-04-02T23:15:33.378+0000] {taskinstance.py:2480} INFO - Exporting env vars: AIRFLOW_CTX_DAG_OWNER='***' AIRFLOW_CTX_DAG_ID='Weather_Proj' AIRFLOW_CTX_TASK_ID='Write_data_in_kafka' AIRFLOW_CTX_EXECUTION_DATE='2025-04-02T22:00:00+00:00' AIRFLOW_CTX_TRY_NUMBER='1' AIRFLOW_CTX_DAG_RUN_ID='scheduled__2025-04-02T22:00:00+00:00'
[2025-04-02T23:15:34.386+0000] {python.py:201} INFO - Done. Returned value was: None
[2025-04-02T23:15:34.399+0000] {taskinstance.py:1138} INFO - Marking task as SUCCESS. dag_id=Weather_Proj, task_id=Write_data_in_kafka, execution_date=20250402T220000, start_date=20250402T231533, end_date=20250402T231534
[2025-04-02T23:15:34.446+0000] {local_task_job_runner.py:234} INFO - Task exited with return code 0
[2025-04-02T23:15:34.483+0000] {taskinstance.py:3280} INFO - 1 downstream tasks scheduled from follow-on schedule check
